[debug] [2017-10-05T12:27:36.028Z] ----------------------------------------------------------------------
[debug] [2017-10-05T12:27:36.030Z] Command:       /usr/local/bin/node /usr/local/bin/firebase serve
[debug] [2017-10-05T12:27:36.031Z] CLI Version:   3.13.1
[debug] [2017-10-05T12:27:36.031Z] Platform:      darwin
[debug] [2017-10-05T12:27:36.031Z] Node Version:  v6.9.2
[debug] [2017-10-05T12:27:36.031Z] Time:          Thu Oct 05 2017 16:27:36 GMT+0400 (+04)
[debug] [2017-10-05T12:27:36.031Z] ----------------------------------------------------------------------
[debug] 
[debug] [2017-10-05T12:27:36.041Z] > command requires scopes: ["email","openid","https://www.googleapis.com/auth/cloudplatformprojects.readonly","https://www.googleapis.com/auth/firebase","https://www.googleapis.com/auth/cloud-platform"]
[debug] [2017-10-05T12:27:36.042Z] > authorizing via signed-in user
[debug] [2017-10-05T12:27:36.044Z] >>> HTTP REQUEST GET https://admin.firebase.com/v1/projects/pwa-with-prpl  
 Thu Oct 05 2017 16:27:36 GMT+0400 (+04)
[debug] [2017-10-05T12:27:37.173Z] <<< HTTP RESPONSE 200
[debug] [2017-10-05T12:27:37.174Z] >>> HTTP REQUEST GET https://admin.firebase.com/v1/database/pwa-with-prpl/tokens  
 Thu Oct 05 2017 16:27:37 GMT+0400 (+04)
[debug] [2017-10-05T12:27:38.130Z] <<< HTTP RESPONSE 200
[info] 
[info] === Serving from '/Volumes/Disk_2/projects/github/web-projects/polymer-sample-apps/prpl-ce-firebase'...
[info] 
[debug] [2017-10-05T12:27:38.134Z] >>> HTTP REQUEST GET https://cloudresourcemanager.googleapis.com/v1/projects/pwa-with-prpl  
 Thu Oct 05 2017 16:27:38 GMT+0400 (+04)
[debug] [2017-10-05T12:27:39.605Z] <<< HTTP RESPONSE 200
[debug] [2017-10-05T12:27:39.606Z] >>> HTTP REQUEST GET https://mobilesdk-pa.googleapis.com/v1/projects/326875722928/clients/_:getWebAppConfig  
 Thu Oct 05 2017 16:27:39 GMT+0400 (+04)
[debug] [2017-10-05T12:27:40.561Z] <<< HTTP RESPONSE 200
[info] i  hosting: Serving hosting files from: public
[info] ✔  hosting: Local server: http://localhost:5000

